<?xml version="1.0" encoding="UTF-8"?>
<!-- Generated by org.testng.reporters.JUnitReportReporter -->
<testsuite hostname="Shubhams-MacBook-Pro.local" name="com.synchronization.ThreadSleep" tests="1" failures="0" timestamp="3 Feb 2018 09:09:00 GMT" time="15.824" errors="0">
  <testcase name="main" time="15.824" classname="com.synchronization.ThreadSleep"/>
</testsuite> <!-- com.synchronization.ThreadSleep -->
