<?xml version="1.0" encoding="UTF-8"?>
<!-- Generated by org.testng.reporters.JUnitReportReporter -->
<testsuite hostname="Shubhams-MacBook-Pro.local" name="com.synchronization.FluentWait1" tests="1" failures="0" timestamp="3 Feb 2018 09:18:06 GMT" time="4.448" errors="0">
  <testcase name="main" time="4.448" classname="com.synchronization.FluentWait1"/>
</testsuite> <!-- com.synchronization.FluentWait1 -->
