<?xml version="1.0" encoding="UTF-8"?>
<!-- Generated by org.testng.reporters.JUnitReportReporter -->
<testsuite hostname="Shubhams-MacBook-Pro.local" name="com.synchronization.ImplicitWait" tests="1" failures="0" timestamp="3 Feb 2018 09:13:26 GMT" time="8.114" errors="0">
  <testcase name="main" time="8.114" classname="com.synchronization.ImplicitWait"/>
</testsuite> <!-- com.synchronization.ImplicitWait -->
