<?xml version="1.0" encoding="UTF-8"?>
<!-- Generated by org.testng.reporters.JUnitReportReporter -->
<testsuite hostname="Shubhams-MacBook-Pro.local" name="com.synchronization.ExplicitWait" tests="1" failures="0" timestamp="3 Feb 2018 09:16:18 GMT" time="9.801" errors="0">
  <testcase name="main" time="9.801" classname="com.synchronization.ExplicitWait"/>
</testsuite> <!-- com.synchronization.ExplicitWait -->
