<?xml version="1.0" encoding="UTF-8"?>
<!-- Generated by org.testng.reporters.JUnitReportReporter -->
<testsuite hostname="Shubhams-MacBook-Pro.local" name="com.synchronization.ThreadSleep" tests="1" failures="0" timestamp="1 Mar 2018 09:51:16 GMT" time="17.454" errors="0">
  <testcase name="main" time="17.454" classname="com.synchronization.ThreadSleep"/>
</testsuite> <!-- com.synchronization.ThreadSleep -->
